# JRE version: OpenJDK Runtime Environment Corretto-11.0.18.10.1 (11.0.18+10) (build 11.0.18+10-LTS)
# Java VM: OpenJDK 64-Bit Server VM Corretto-11.0.18.10.1 (11.0.18+10-LTS, mixed mode, tiered, compressed oops, g1 gc, windows-amd64)
Heap:
 garbage-first heap   total 57344K, used 21586K [0x00000000e0000000, 0x0000000100000000)
  region size 1024K, 15 young (15360K), 3 survivors (3072K)
 Metaspace       used 26655K, capacity 27682K, committed 27904K, reserved 1073152K
  class space    used 3078K, capacity 3494K, committed 3584K, reserved 1048576K
GC Heap History (10 events):
Event: 2.153 GC heap before
{Heap before GC invocations=0 (full 0):
 garbage-first heap   total 57344K, used 14336K [0x00000000e0000000, 0x0000000100000000)
  region size 1024K, 14 young (14336K), 0 survivors (0K)
 Metaspace       used 12249K, capacity 12520K, committed 12672K, reserved 1060864K
  class space    used 1270K, capacity 1352K, committed 1408K, reserved 1048576K
}
Event: 2.160 GC heap after
{Heap after GC invocations=1 (full 0):
 garbage-first heap   total 57344K, used 4203K [0x00000000e0000000, 0x0000000100000000)
  region size 1024K, 2 young (2048K), 2 survivors (2048K)
 Metaspace       used 12249K, capacity 12520K, committed 12672K, reserved 1060864K
  class space    used 1270K, capacity 1352K, committed 1408K, reserved 1048576K
}
Event: 2.390 GC heap before
{Heap before GC invocations=1 (full 0):
 garbage-first heap   total 57344K, used 10347K [0x00000000e0000000, 0x0000000100000000)
  region size 1024K, 8 young (8192K), 2 survivors (2048K)
 Metaspace       used 13791K, capacity 14164K, committed 14464K, reserved 1062912K
  class space    used 1462K, capacity 1586K, committed 1664K, reserved 1048576K
}
Event: 2.394 GC heap after
{Heap after GC invocations=2 (full 0):
 garbage-first heap   total 57344K, used 4733K [0x00000000e0000000, 0x0000000100000000)
  region size 1024K, 1 young (1024K), 1 survivors (1024K)
 Metaspace       used 13791K, capacity 14164K, committed 14464K, reserved 1062912K
  class space    used 1462K, capacity 1586K, committed 1664K, reserved 1048576K
}
Event: 3.474 GC heap before
{Heap before GC invocations=2 (full 0):
 garbage-first heap   total 57344K, used 22141K [0x00000000e0000000, 0x0000000100000000)
  region size 1024K, 19 young (19456K), 1 survivors (1024K)
 Metaspace       used 18570K, capacity 19316K, committed 19584K, reserved 1067008K
  class space    used 2062K, capacity 2334K, committed 2432K, reserved 1048576K
}
Event: 3.481 GC heap after
{Heap after GC invocations=3 (full 0):
 garbage-first heap   total 57344K, used 6600K [0x00000000e0000000, 0x0000000100000000)
  region size 1024K, 3 young (3072K), 3 survivors (3072K)
 Metaspace       used 18570K, capacity 19316K, committed 19584K, reserved 1067008K
  class space    used 2062K, capacity 2334K, committed 2432K, reserved 1048576K
}
Event: 3.819 GC heap before
{Heap before GC invocations=3 (full 0):
 garbage-first heap   total 57344K, used 12744K [0x00000000e0000000, 0x0000000100000000)
  region size 1024K, 10 young (10240K), 3 survivors (3072K)
 Metaspace       used 20417K, capacity 21145K, committed 21248K, reserved 1069056K
  class space    used 2268K, capacity 2539K, committed 2560K, reserved 1048576K
}
Event: 3.826 GC heap after
{Heap after GC invocations=4 (full 0):
 garbage-first heap   total 57344K, used 7377K [0x00000000e0000000, 0x0000000100000000)
  region size 1024K, 1 young (1024K), 1 survivors (1024K)
 Metaspace       used 20417K, capacity 21145K, committed 21248K, reserved 1069056K
  class space    used 2268K, capacity 2539K, committed 2560K, reserved 1048576K
}
Event: 6.620 GC heap before
{Heap before GC invocations=5 (full 0):
 garbage-first heap   total 57344K, used 29905K [0x00000000e0000000, 0x0000000100000000)
  region size 1024K, 23 young (23552K), 1 survivors (1024K)
 Metaspace       used 24136K, capacity 25029K, committed 25216K, reserved 1071104K
  class space    used 2738K, capacity 3073K, committed 3200K, reserved 1048576K
}
Event: 6.629 GC heap after
{Heap after GC invocations=6 (full 0):
 garbage-first heap   total 57344K, used 10322K [0x00000000e0000000, 0x0000000100000000)
  region size 1024K, 3 young (3072K), 3 survivors (3072K)
 Metaspace       used 24136K, capacity 25029K, committed 25216K, reserved 1071104K
  class space    used 2738K, capacity 3073K, committed 3200K, reserved 1048576K
}

